<?xml version="1.0" encoding="UTF-8"?>
<testsuite xmlns:xsi="http://www.w3.org/2001/XMLSchema-instance" xsi:noNamespaceSchemaLocation="https://maven.apache.org/surefire/maven-surefire-plugin/xsd/surefire-test-report.xsd" version="3.0.2" name="com.hackerprank.HackerPrankApplicationTests" time="0.967" tests="1" errors="0" skipped="0" failures="0">
  <properties>
[...]
</properties>
  <testcase name="contextLoads" classname="com.hackerprank.HackerPrankApplicationTests" time="0.346">
    <system-out><![CDATA[12:18:22.182 [main] INFO org.springframework.test.context.support.AnnotationConfigContextLoaderUtils -- Could not detect default configuration classes for test class [com.hackerprank.HackerPrankApplicationTests]: HackerPrankApplicationTests does not declare any static, non-private, non-final, nested classes annotated with @Configuration.
12:18:22.222 [main] INFO org.springframework.boot.test.context.SpringBootTestContextBootstrapper -- Found @SpringBootConfiguration com.hackerprank.HackerPrankApplication for test class com.hackerprank.HackerPrankApplicationTests

  .   ____          _            __ _ _
 /\\ / ___'_ __ _ _(_)_ __  __ _ \ \ \ \
( ( )\___ | '_ | '_| | '_ \/ _` | \ \ \ \
 \\/  ___)| |_)| | | | | || (_| |  ) ) ) )
  '  |____| .__|_| |_|_| |_\__, | / / / /
 =========|_|==============|___/=/_/_/_/

 :: Spring Boot ::                (v3.4.6)

2026-05-27T12:18:22.346-07:00  INFO 5494 --- [           main] c.h.HackerPrankApplicationTests          : Starting HackerPrankApplicationTests using Java 21.0.10 with PID 5494 (started by wasifsiddique in /Users/wasifsiddique/Desktop/hackerprank/backend)
2026-05-27T12:18:22.346-07:00  INFO 5494 --- [           main] c.h.HackerPrankApplicationTests          : No active profile set, falling back to 1 default profile: "default"
2026-05-27T12:18:22.743-07:00  INFO 5494 --- [           main] c.h.HackerPrankApplicationTests          : Started HackerPrankApplicationTests in 0.483 seconds (process running for 0.827)
]]></system-out>
    <system-err><![CDATA[Mockito is currently self-attaching to enable the inline-mock-maker. This will no longer work in future releases of the JDK. Please add Mockito as an agent to your build what is described in Mockito's documentation: https://javadoc.io/doc/org.mockito/mockito-core/latest/org/mockito/Mockito.html#0.3
WARNING: A Java agent has been loaded dynamically (/Users/wasifsiddique/.m2/repository/net/bytebuddy/byte-buddy-agent/1.15.11/byte-buddy-agent-1.15.11.jar)
WARNING: If a serviceability tool is in use, please run with -XX:+EnableDynamicAgentLoading to hide this warning
WARNING: If a serviceability tool is not in use, please run with -Djdk.instrument.traceUsage for more information
WARNING: Dynamic loading of agents will be disallowed by default in a future release
]]></system-err>
  </testcase>
</testsuite>